0    [main] INFO  eclipse.emf.mwe.core.WorkflowEngine  - --------------------------------------------------------------------------------------
10   [main] INFO  eclipse.emf.mwe.core.WorkflowEngine  - EMF Modeling Workflow Engine 1.2.1, Build v201306110341
10   [main] INFO  eclipse.emf.mwe.core.WorkflowEngine  - (c) 2005-2009 openarchitectureware.org and contributors
10   [main] INFO  eclipse.emf.mwe.core.WorkflowEngine  - --------------------------------------------------------------------------------------
10   [main] INFO  eclipse.emf.mwe.core.WorkflowEngine  - running workflow: C:/Program Files/ooh4ria/workspace/InfoCoste/templates/workflow/generator.mwe
10   [main] INFO  eclipse.emf.mwe.core.WorkflowEngine  - 
841  [main] INFO  lipse.emf.mwe.utils.StandaloneSetup  - Registering platform uri 'C:\Program Files\ooh4ria\workspace'
1101 [main] INFO  lipse.emf.mwe.utils.StandaloneSetup  - Adding generated EPackage 'es.ua.dlsi.ooh.conceptualView.ConceptualViewPackage'
1221 [main] INFO  lipse.emf.mwe.utils.StandaloneSetup  - Adding generated EPackage 'org.eclipse.gmf.runtime.notation.NotationPackage'
1422 [main] INFO  e.core.container.CompositeComponent  - Workflow: executing workflow workflow::nhibernate::generator.mwe in C:/Program Files/ooh4ria/workspace/InfoCoste/templates/workflow/generator.mwe:10
1422 [main] INFO  e.core.container.CompositeComponent  - XmiReader: file 'models/default.domainModel' => slot 'es_ua_dlsi_ooh_conceptual_model'
1862 [main] INFO  e.core.container.CompositeComponent  - CheckComponent: slot es_ua_dlsi_ooh_conceptual_model check file(s): metamodel::Checks 
2884 [main] INFO  e.core.container.CompositeComponent  - Generator(nhibernate.generator): generating 'workflow::nhibernate::workflow::main FOR true' => [../InfoCosteGen, CONFIGURATION:../InfoCosteGen(overwrite=false,append=false,fileEncoding=utf-8)]
configuroConf:C:\DOCUME~1\OOH4RI~1\LOCALS~1\Temp\OOH4RIA8964147658245381484.cfg
enc:utf-8
3445 [main] INFO  and2.pr.ProtectedRegionResolverImpl  - Source scan started ...
3465 [main] INFO  and2.pr.ProtectedRegionResolverImpl  - Source scan finished in 0.02s
3465 [main] INFO  and2.pr.ProtectedRegionResolverImpl  - Files scanned: 4
3465 [main] INFO  and2.pr.ProtectedRegionResolverImpl  - Regions found: 0
enc:utf-8
enc:utf-8
enc:utf-8
enc:utf-8
enc:utf-8
enc:utf-8
enc:utf-8
enc:utf-8
enc:utf-8
enc:utf-8
enc:utf-8
enc:utf-8
enc:utf-8
enc:utf-8
enc:utf-8
enc:utf-8
enc:utf-8
enc:utf-8
enc:utf-8
enc:utf-8
enc:utf-8
enc:utf-8
enc:utf-8
enc:utf-8
enc:utf-8
enc:utf-8
enc:utf-8
enc:utf-8
enc:utf-8
enc:utf-8
enc:utf-8
enc:utf-8
enc:utf-8
enc:utf-8
enc:utf-8
enc:utf-8
enc:utf-8
enc:utf-8
enc:utf-8
enc:utf-8
enc:utf-8
enc:utf-8
enc:utf-8
enc:utf-8
enc:utf-8
enc:utf-8
enc:utf-8
enc:utf-8
enc:utf-8
enc:utf-8
enc:utf-8
enc:utf-8
enc:utf-8
enc:utf-8
enc:utf-8
enc:utf-8
enc:utf-8
enc:utf-8
enc:utf-8
enc:utf-8
enc:utf-8
enc:utf-8
enc:utf-8
enc:utf-8
enc:utf-8
enc:utf-8
enc:utf-8
enc:utf-8
enc:utf-8
enc:utf-8
enc:utf-8
enc:utf-8
enc:utf-8
enc:utf-8
enc:utf-8
enc:utf-8
enc:utf-8
enc:utf-8
enc:utf-8
enc:utf-8
enc:utf-8
enc:utf-8
enc:utf-8
enc:utf-8
enc:utf-8
enc:utf-8
enc:utf-8
enc:utf-8
enc:utf-8
enc:utf-8
enc:utf-8
enc:utf-8
enc:utf-8
enc:utf-8
enc:utf-8
enc:utf-8
enc:utf-8
enc:utf-8
7561 [main] INFO         org.eclipse.xpand2.Generator  - Written 121 files to outlet [default](../InfoCosteGen)
7561 [main] INFO         org.eclipse.xpand2.Generator  - Skipped writing of 1 files to outlet [default](../InfoCosteGen)
7561 [main] INFO  e.core.container.CompositeComponent  - es.ua.dlsi.ooh.persistence.nhibernate.generator.workflowComponents.CreateSolution
7581 [main] INFO  e.core.container.CompositeComponent  - es.ua.dlsi.ooh.persistence.nhibernate.generator.workflowComponents.UpdateSolution
7611 [main] INFO  e.core.container.CompositeComponent  - es.ua.dlsi.ooh.persistence.nhibernate.generator.workflowComponents.CopyDLLs
../InfoCosteGen\InfoCosteGenNHibernate\AppLib\Antlr3.Runtime.dll
../InfoCosteGen\InfoCosteGenNHibernate\AppLib\Castle.DynamicProxy2.dll
../InfoCosteGen\InfoCosteGenNHibernate\AppLib\Iesi.Collections.dll
../InfoCosteGen\InfoCosteGenNHibernate\AppLib\LinFu.DynamicProxy.dll
../InfoCosteGen\InfoCosteGenNHibernate\AppLib\log4net.dll
../InfoCosteGen\InfoCosteGenNHibernate\AppLib\NHibernate.ByteCode.Castle.dll
../InfoCosteGen\InfoCosteGenNHibernate\AppLib\NHibernate.ByteCode.LinFu.dll
../InfoCosteGen\InfoCosteGenNHibernate\AppLib\NHibernate.dll
../InfoCosteGen\InfoCosteGenNHibernate\AppLib\nunit.core.dll
../InfoCosteGen\InfoCosteGenNHibernate\AppLib\nunit.framework.dll
9013 [main] INFO  eclipse.emf.mwe.core.WorkflowEngine  - workflow completed in 7611ms!
