0    [main] INFO  eclipse.emf.mwe.core.WorkflowEngine  - --------------------------------------------------------------------------------------
6    [main] INFO  eclipse.emf.mwe.core.WorkflowEngine  - EMF Modeling Workflow Engine 1.2.1, Build v201306110341
6    [main] INFO  eclipse.emf.mwe.core.WorkflowEngine  - (c) 2005-2009 openarchitectureware.org and contributors
6    [main] INFO  eclipse.emf.mwe.core.WorkflowEngine  - --------------------------------------------------------------------------------------
6    [main] INFO  eclipse.emf.mwe.core.WorkflowEngine  - running workflow: C:/Users/Xito/workspaceOoharia/InfoCostePrograma/templates/workflow/generator.mwe
6    [main] INFO  eclipse.emf.mwe.core.WorkflowEngine  - 
990  [main] INFO  lipse.emf.mwe.utils.StandaloneSetup  - Registering platform uri 'C:\Users\Xito\workspaceOoharia'
1399 [main] INFO  lipse.emf.mwe.utils.StandaloneSetup  - Adding generated EPackage 'es.ua.dlsi.ooh.conceptualView.ConceptualViewPackage'
1657 [main] INFO  lipse.emf.mwe.utils.StandaloneSetup  - Adding generated EPackage 'org.eclipse.gmf.runtime.notation.NotationPackage'
1951 [main] INFO  e.core.container.CompositeComponent  - Workflow: executing workflow workflow::nhibernate::generator.mwe in C:/Users/Xito/workspaceOoharia/InfoCostePrograma/templates/workflow/generator.mwe:10
1951 [main] INFO  e.core.container.CompositeComponent  - XmiReader: file 'models/default.domainModel' => slot 'es_ua_dlsi_ooh_conceptual_model'
2476 [main] INFO  e.core.container.CompositeComponent  - CheckComponent: slot es_ua_dlsi_ooh_conceptual_model check file(s): metamodel::Checks 
3485 [main] INFO  e.core.container.CompositeComponent  - Generator(nhibernate.generator): generating 'workflow::nhibernate::workflow::main FOR true' => [../InfoCosteProgramaGen, CONFIGURATION:../InfoCosteProgramaGen(overwrite=false,append=false,fileEncoding=utf-8)]
configuroConf:C:\Users\Xito\AppData\Local\Temp\OOH4RIA1595876236326215790.cfg
enc:utf-8
3765 [main] INFO  and2.pr.ProtectedRegionResolverImpl  - Source scan started ...
3945 [main] INFO  and2.pr.ProtectedRegionResolverImpl  - Source scan finished in 0.18s
3946 [main] INFO  and2.pr.ProtectedRegionResolverImpl  - Files scanned: 172
3946 [main] INFO  and2.pr.ProtectedRegionResolverImpl  - Regions found: 60
enc:utf-8
enc:utf-8
enc:utf-8
enc:utf-8
enc:utf-8
enc:utf-8
enc:utf-8
enc:utf-8
enc:utf-8
enc:utf-8
enc:utf-8
enc:utf-8
enc:utf-8
enc:utf-8
enc:utf-8
enc:utf-8
enc:utf-8
enc:utf-8
enc:utf-8
enc:utf-8
enc:utf-8
enc:utf-8
enc:utf-8
enc:utf-8
enc:utf-8
enc:utf-8
enc:utf-8
enc:utf-8
enc:utf-8
enc:utf-8
enc:utf-8
enc:utf-8
enc:utf-8
enc:utf-8
enc:utf-8
enc:utf-8
enc:utf-8
enc:utf-8
enc:utf-8
enc:utf-8
enc:utf-8
enc:utf-8
enc:utf-8
enc:utf-8
enc:utf-8
enc:utf-8
enc:utf-8
enc:utf-8
enc:utf-8
enc:utf-8
enc:utf-8
enc:utf-8
enc:utf-8
enc:utf-8
enc:utf-8
enc:utf-8
enc:utf-8
enc:utf-8
enc:utf-8
enc:utf-8
enc:utf-8
enc:utf-8
enc:utf-8
enc:utf-8
enc:utf-8
enc:utf-8
enc:utf-8
enc:utf-8
enc:utf-8
enc:utf-8
enc:utf-8
enc:utf-8
enc:utf-8
enc:utf-8
enc:utf-8
enc:utf-8
enc:utf-8
enc:utf-8
enc:utf-8
enc:utf-8
enc:utf-8
enc:utf-8
enc:utf-8
enc:utf-8
enc:utf-8
enc:utf-8
enc:utf-8
enc:utf-8
enc:utf-8
enc:utf-8
enc:utf-8
enc:utf-8
enc:utf-8
enc:utf-8
enc:utf-8
enc:utf-8
enc:utf-8
enc:utf-8
enc:utf-8
enc:utf-8
enc:utf-8
enc:utf-8
enc:utf-8
enc:utf-8
enc:utf-8
enc:utf-8
enc:utf-8
enc:utf-8
enc:utf-8
enc:utf-8
enc:utf-8
enc:utf-8
enc:utf-8
enc:utf-8
enc:utf-8
enc:utf-8
enc:utf-8
enc:utf-8
enc:utf-8
enc:utf-8
enc:utf-8
enc:utf-8
enc:utf-8
enc:utf-8
enc:utf-8
enc:utf-8
enc:utf-8
enc:utf-8
enc:utf-8
enc:utf-8
enc:utf-8
enc:utf-8
enc:utf-8
enc:utf-8
enc:utf-8
enc:utf-8
enc:utf-8
enc:utf-8
enc:utf-8
enc:utf-8
enc:utf-8
enc:utf-8
enc:utf-8
enc:utf-8
enc:utf-8
enc:utf-8
enc:utf-8
enc:utf-8
enc:utf-8
enc:utf-8
enc:utf-8
enc:utf-8
enc:utf-8
enc:utf-8
enc:utf-8
enc:utf-8
enc:utf-8
enc:utf-8
enc:utf-8
enc:utf-8
enc:utf-8
11706 [main] INFO         org.eclipse.xpand2.Generator  - Written 3 files to outlet [default](../InfoCosteProgramaGen)
11706 [main] INFO         org.eclipse.xpand2.Generator  - Skipped writing of 185 files to outlet [default](../InfoCosteProgramaGen)
11706 [main] INFO  e.core.container.CompositeComponent  - es.ua.dlsi.ooh.persistence.nhibernate.generator.workflowComponents.CreateSolution
11733 [main] INFO  e.core.container.CompositeComponent  - es.ua.dlsi.ooh.persistence.nhibernate.generator.workflowComponents.UpdateSolution
11764 [main] INFO  e.core.container.CompositeComponent  - es.ua.dlsi.ooh.persistence.nhibernate.generator.workflowComponents.CopyDLLs
../InfoCosteProgramaGen\InfoCosteProgramaGenNHibernate\AppLib\Antlr3.Runtime.dll
../InfoCosteProgramaGen\InfoCosteProgramaGenNHibernate\AppLib\Castle.DynamicProxy2.dll
../InfoCosteProgramaGen\InfoCosteProgramaGenNHibernate\AppLib\Iesi.Collections.dll
../InfoCosteProgramaGen\InfoCosteProgramaGenNHibernate\AppLib\LinFu.DynamicProxy.dll
../InfoCosteProgramaGen\InfoCosteProgramaGenNHibernate\AppLib\log4net.dll
../InfoCosteProgramaGen\InfoCosteProgramaGenNHibernate\AppLib\NHibernate.ByteCode.Castle.dll
../InfoCosteProgramaGen\InfoCosteProgramaGenNHibernate\AppLib\NHibernate.ByteCode.LinFu.dll
../InfoCosteProgramaGen\InfoCosteProgramaGenNHibernate\AppLib\NHibernate.dll
../InfoCosteProgramaGen\InfoCosteProgramaGenNHibernate\AppLib\nunit.core.dll
../InfoCosteProgramaGen\InfoCosteProgramaGenNHibernate\AppLib\nunit.framework.dll
11778 [main] INFO  eclipse.emf.mwe.core.WorkflowEngine  - workflow completed in 9829ms!
